build/app/outputs/mapping/release/mapping.txt
# compiler: R8
# compiler_version: 1.5.64
# min_api: 21
# pg_map_id: e344a50
...
io.grpc.okhttp.OkHttpReadableBuffer -> c.b.l1.k:
    okio.Buffer buffer -> b
    io.grpc.internal.ReadableBuffer readBytes(int) -> a
    void readBytes(byte[],int,int) -> a
    int readableBytes() -> n
io.grpc.okhttp.OkHttpSettingsUtil -> c.b.l1.l:
    int get(io.grpc.okhttp.internal.framed.Settings,int) -> a
    void set(io.grpc.okhttp.internal.framed.Settings,int,int) -> a
    boolean isSet(io.grpc.okhttp.internal.framed.Settings,int) -> b
io.grpc.okhttp.OkHttpTlsUpgrader -> c.b.l1.m:
    java.util.List TLS_PROTOCOLS -> a
    java.lang.String canonicalizeHost(java.lang.String) -> a
    javax.net.ssl.SSLSocket upgrade(javax.net.ssl.SSLSocketFactory,javax.net.ssl.HostnameVerifier,java.net.Socket,java.lang.String,int,io.grpc.okhttp.internal.ConnectionSpec) -> a
io.grpc.okhttp.OkHttpWritableBuffer -> c.b.l1.n:
    okio.Buffer buffer -> a
    int writableBytes -> b
    int readableBytes -> c
    void release() -> a
    void write(byte) -> a
    void write(byte[],int,int) -> a
    int writableBytes() -> b
    okio.Buffer buffer() -> c
    int readableBytes() -> n
io.grpc.okhttp.OkHttpWritableBufferAllocator -> c.b.l1.o:
    io.grpc.internal.WritableBuffer allocate(int) -> a
io.grpc.okhttp.OutboundFlowController -> c.b.l1.p:
    io.grpc.okhttp.internal.framed.FrameWriter frameWriter -> b
    io.grpc.okhttp.OutboundFlowController$OutboundFlowState connectionState -> d
    io.grpc.okhttp.OkHttpClientTransport transport -> a
    int initialWindowSize -> c
    io.grpc.okhttp.OutboundFlowController$OutboundFlowState access$100(io.grpc.okhttp.OutboundFlowController) -> a
    void data(boolean,int,okio.Buffer,boolean) -> a
    void flush() -> a
    boolean initialOutboundWindowSize(int) -> a
    io.grpc.okhttp.OutboundFlowController$OutboundFlowState state(io.grpc.okhttp.OkHttpClientStream) -> a
    int windowUpdate(io.grpc.okhttp.OkHttpClientStream,int) -> a
    io.grpc.okhttp.internal.framed.FrameWriter access$200(io.grpc.okhttp.OutboundFlowController) -> b
    void writeStreams() -> b
io.grpc.okhttp.OutboundFlowController$1 -> c.b.l1.p$a:
io.grpc.okhttp.OutboundFlowController$OutboundFlowState -> c.b.l1.p$b:
    okio.Buffer pendingWriteBuffer -> a
    io.grpc.okhttp.OkHttpClientStream stream -> e
    boolean pendingBufferHasEndOfStream -> f
    io.grpc.okhttp.OutboundFlowController this$0 -> g
    int allocatedBytes -> d
    int streamId -> b
    int window -> c
    void allocateBytes(int) -> a
    int allocatedBytes() -> a
    void enqueue(okio.Buffer,int,boolean) -> a
    int writeBytes(int,io.grpc.okhttp.OutboundFlowController$WriteStatus) -> a
    void clearAllocatedBytes() -> b
    int incrementStreamWindow(int) -> b
    void write(okio.Buffer,int,boolean) -> b
    boolean hasPendingData() -> c
    int streamableBytes() -> d
    int unallocatedBytes() -> e
    int window() -> f
    int writableWindow() -> g
io.grpc.okhttp.OutboundFlowController$WriteStatus -> c.b.l1.p$c:
    int numWrites -> a
    boolean hasWritten() -> a
    void incrementNumWrites() -> b
io.grpc.okhttp.Utils -> c.b.l1.q:
    io.grpc.Metadata convertHeaders(java.util.List) -> a
    byte[][] convertHeadersToArray(java.util.List) -> b
    io.grpc.Metadata convertTrailers(java.util.List) -> c